<?xml version="1.0" encoding="UTF-8"?>
<testsuite xmlns:xsi="http://www.w3.org/2001/XMLSchema-instance" xsi:noNamespaceSchemaLocation="https://maven.apache.org/surefire/maven-surefire-plugin/xsd/surefire-test-report-3.0.xsd" version="3.0" name="com.aps.aps.ApsApplicationTests" time="3.32" tests="1" errors="0" skipped="0" failures="0">
  <properties>
[...]
</properties>
  <testcase name="contextLoads" classname="com.aps.aps.ApsApplicationTests" time="1.014">
    <system-out><![CDATA[02:56:29.402 [main] INFO org.springframework.test.context.support.AnnotationConfigContextLoaderUtils -- Could not detect default configuration classes for test class [com.aps.aps.ApsApplicationTests]: ApsApplicationTests does not declare any static, non-private, non-final, nested classes annotated with @Configuration.
02:56:29.547 [main] INFO org.springframework.boot.test.context.SpringBootTestContextBootstrapper -- Found @SpringBootConfiguration com.aps.aps.ApsApplication for test class com.aps.aps.ApsApplicationTests

  .   ____          _            __ _ _
 /\\ / ___'_ __ _ _(_)_ __  __ _ \ \ \ \
( ( )\___ | '_ | '_| | '_ \/ _` | \ \ \ \
 \\/  ___)| |_)| | | | | || (_| |  ) ) ) )
  '  |____| .__|_| |_|_| |_\__, | / / / /
 =========|_|==============|___/=/_/_/_/
 :: Spring Boot ::                (v3.1.2)

2023-08-03T02:56:30.030+02:00  INFO 24200 --- [           main] com.aps.aps.ApsApplicationTests          : Starting ApsApplicationTests using Java 20.0.1 with PID 24200 (started by Scysqqo in C:\Users\Scysqqo\Videos\aps\aps)
2023-08-03T02:56:30.033+02:00  INFO 24200 --- [           main] com.aps.aps.ApsApplicationTests          : No active profile set, falling back to 1 default profile: "default"
2023-08-03T02:56:31.286+02:00  INFO 24200 --- [           main] o.s.b.a.w.s.WelcomePageHandlerMapping    : Adding welcome page template: index
2023-08-03T02:56:31.482+02:00  INFO 24200 --- [           main] com.aps.aps.ApsApplicationTests          : Started ApsApplicationTests in 1.745 seconds (process running for 3.243)
]]></system-out>
  </testcase>
</testsuite>